============================================================
  Generated by:           Genus(TM) Synthesis Solution 20.11-s111_1
  Generated on:           Oct 31 2025  12:46:52 pm
  Module:                 cache_memory
  Operating conditions:   slow (balanced_tree)
  Wireload mode:          enclosed
  Area mode:              timing library
============================================================

                                 
   Gate    Instances     Area    Library 
-----------------------------------------
AND2X1           255    1158.057    slow 
AO22XL            12      90.828    slow 
AOI211X1          17      90.071    slow 
AOI211XL          28     148.352    slow 
AOI21X1           12      54.497    slow 
AOI21XL           18      81.745    slow 
AOI221X1         129     976.401    slow 
AOI221XL          47     355.743    slow 
AOI222XL          50     416.295    slow 
AOI22X1         5069   30693.809    slow 
AOI22XL         1424    8622.605    slow 
AOI2BB1X1          1       6.055    slow 
AOI2BB2X1          1       9.083    slow 
CLKINVX1          28      63.580    slow 
CLKINVX3           1       4.541    slow 
DFFRHQX1         289    5906.091    slow 
INVXL             10      22.707    slow 
NAND2BX1          10      45.414    slow 
NAND2BX2         256    1743.898    slow 
NAND2BXL         184     835.618    slow 
NAND2X1            1       3.784    slow 
NAND2XL          100     302.760    slow 
NAND3BX1           1       6.055    slow 
NAND3X1           71     322.439    slow 
NAND3XL           45     204.363    slow 
NAND4BXL           5      34.060    slow 
NAND4XL         1672    8858.758    slow 
NOR2BX1           20      90.828    slow 
NOR2X1           333    1260.238    slow 
NOR2X2             7      42.386    slow 
NOR2XL            45     136.242    slow 
NOR3BX1            1       6.055    slow 
NOR3X1             9      40.873    slow 
NOR3XL            22      99.911    slow 
NOR4BX1           24     163.490    slow 
NOR4BXL           64     435.974    slow 
NOR4X1           125     756.900    slow 
NOR4XL           146     884.059    slow 
OAI211X1           3      15.895    slow 
OAI211XL           1       5.298    slow 
OAI221X1           2      15.138    slow 
OR2X1            182     826.535    slow 
OR2XL             85     386.019    slow 
OR3X4              1       9.083    slow 
OR4X1              1       6.812    slow 
OR4XL             15     102.181    slow 
SDFFQX1         8192  167414.170    slow 
SDFFRHQX1       5120  127885.819    slow 
XNOR2XL            4      33.304    slow 
XOR2XL             3      24.978    slow 
-----------------------------------------
total          24141  361699.798         


                                           
     Type      Instances    Area    Area % 
-------------------------------------------
sequential         13601 301206.079   83.3 
inverter              39     90.828    0.0 
logic              10501  60402.891   16.7 
physical_cells         0      0.000    0.0 
-------------------------------------------
total              24141 361699.798  100.0 

