============================================================
  Generated by:           Genus(TM) Synthesis Solution 20.11-s111_1
  Generated on:           Oct 31 2025  12:46:50 pm
  Module:                 cache_memory
  Operating conditions:   slow (balanced_tree)
  Wireload mode:          enclosed
  Area mode:              timing library
============================================================


Path 1: MET (4728 ps) Setup Check with Pin read_data_reg[25]/CK->D
          Group: clk
     Startpoint: (R) tag_array_reg[24][11]/CK
          Clock: (R) clk
       Endpoint: (R) read_data_reg[25]/D
          Clock: (R) clk

                     Capture       Launch     
        Clock Edge:+   10000            0     
       Src Latency:+       0            0     
       Net Latency:+       0 (I)        0 (I) 
           Arrival:=   10000            0     
                                              
             Setup:-     151                  
     Required Time:=    9849                  
      Launch Clock:-       0                  
         Data Path:-    5121                  
             Slack:=    4728                  

#-------------------------------------------------------------------------------------------------
#      Timing Point        Flags   Arc   Edge   Cell     Fanout Load Trans Delay Arrival Instance 
#                                                               (fF)  (ps)  (ps)   (ps)  Location 
#-------------------------------------------------------------------------------------------------
  tag_array_reg[24][11]/CK -       -     R     (arrival)  13601    -     0     0       0    (-,-) 
  tag_array_reg[24][11]/Q  -       CK->Q F     SDFFRHQX1      2  5.6    62   333     333    (-,-) 
  g706631/Y                -       A1->Y R     AOI22X1        1  1.6   171    94     427    (-,-) 
  g701770/Y                -       B->Y  F     NAND4XL        1  2.7   212   194     620    (-,-) 
  g690369/Y                -       A->Y  R     NOR4X1         1  1.7   160   179     799    (-,-) 
  g690289/Y                -       D->Y  F     NAND4XL        1  2.8   219   183     982    (-,-) 
  g690232/Y                -       D->Y  R     NOR4X1         1  1.7   162   147    1129    (-,-) 
  g690218/Y                -       D->Y  F     NAND4BXL       1  3.5   247   208    1337    (-,-) 
  g722444/Y                -       B->Y  R     XNOR2XL        1  2.9   100   239    1576    (-,-) 
  g690188/Y                -       C0->Y F     OAI211X1       1  2.8   216   119    1695    (-,-) 
  g690177/Y                -       C0->Y R     AOI211X1       1  2.9   226   159    1854    (-,-) 
  g690172/Y                -       C0->Y F     OAI211X1       1  2.8   216   146    2000    (-,-) 
  g690170/Y                -       C0->Y R     AOI211X1       3  5.1   270   196    2196    (-,-) 
  g690160/Y                -       B->Y  F     NAND2XL        2  3.5   152   138    2334    (-,-) 
  g690143/Y                -       B->Y  R     NOR2XL         4  9.0   287   248    2582    (-,-) 
  g690095/Y                -       A->Y  F     NAND2XL       10 33.1   795   606    3187    (-,-) 
  g689885/Y                -       B->Y  R     NOR2X1        32 71.1  1147  1014    4202    (-,-) 
  g687330/Y                -       A0->Y F     AOI22XL        1  1.7   301   207    4409    (-,-) 
  g685804/Y                -       B->Y  R     NAND3XL        1  2.8   131   130    4539    (-,-) 
  g685156__5107/Y          -       C0->Y F     AOI221X1       1  1.6   350    52    4591    (-,-) 
  g684548__6161/Y          -       B->Y  R     NAND4XL        1  1.8   137   128    4719    (-,-) 
  g684462__4319/Y          -       D->Y  F     NOR4BXL        1  1.7    71    62    4782    (-,-) 
  g684423__9315/Y          -       AN->Y F     NOR4BXL        1  1.7    67   104    4886    (-,-) 
  g684381__1705/Y          -       D->Y  R     NAND4XL        1  2.8   186    74    4960    (-,-) 
  g684355__4319/Y          -       B0->Y F     AOI21X1        1  1.7   268    49    5009    (-,-) 
  g684331__5526/Y          -       D->Y  R     NAND4XL        1  2.3   119   112    5121    (-,-) 
  read_data_reg[25]/D      <<<     -     R     DFFRHQX1       1    -     -     0    5121    (-,-) 
#-------------------------------------------------------------------------------------------------

